03/05/2026 01:00:59 PM: INFO: ********** start home page testcase **********
03/05/2026 01:00:59 PM: INFO: ********** verify login title same or not *********
03/05/2026 01:01:07 PM: INFO: ********** title of the login page sucessfull **********
03/05/2026 02:15:31 PM: INFO: ********** start home page testcase **********
03/05/2026 02:15:31 PM: INFO: ********** verify login title same or not *********
03/05/2026 02:15:38 PM: INFO: ********** title of the login page sucessfull **********
03/05/2026 02:15:44 PM: INFO: ********** start home page testcase **********
03/05/2026 02:15:44 PM: INFO: ********** verify login title same or not *********
03/05/2026 02:15:50 PM: INFO: ********** title of the login page sucessfull **********
03/05/2026 02:24:30 PM: INFO: ********** start home page testcase **********
03/05/2026 02:24:30 PM: INFO: ********** verify login title same or not *********
03/05/2026 02:24:37 PM: INFO: ********** title of the login page sucessfull **********
03/05/2026 02:24:38 PM: INFO: ********** start login validation **********
03/05/2026 02:24:44 PM: INFO: ********** login validation start **********
03/05/2026 02:24:45 PM: INFO: ********** test failed **********
03/05/2026 02:26:09 PM: INFO: ********** start home page testcase **********
03/05/2026 02:26:09 PM: INFO: ********** verify login title same or not *********
03/05/2026 02:26:15 PM: INFO: ********** title of the login page sucessfull **********
03/05/2026 02:26:17 PM: INFO: ********** start login validation **********
03/05/2026 02:26:23 PM: INFO: ********** login validation start **********
03/05/2026 02:26:24 PM: INFO: ********** test failed **********
03/05/2026 02:50:30 PM: INFO: ********** start home page testcase **********
03/05/2026 02:50:30 PM: INFO: ********** verify login title same or not *********
03/05/2026 02:50:36 PM: INFO: ********** title of the login page sucessfull **********
03/05/2026 02:58:57 PM: INFO: ********** start home page testcase **********
03/05/2026 02:58:57 PM: INFO: ********** verify login title same or not *********
03/05/2026 02:59:03 PM: INFO: ********** title of the login page sucessfull **********
03/05/2026 02:59:05 PM: INFO: ********** start login validation **********
03/05/2026 02:59:10 PM: INFO: ********** login validation start **********
03/05/2026 03:00:48 PM: INFO: ********** start home page testcase **********
03/05/2026 03:00:48 PM: INFO: ********** verify login title same or not *********
03/05/2026 03:00:54 PM: INFO: ********** title of the login page sucessfull **********
03/05/2026 03:00:56 PM: INFO: ********** start login validation **********
03/05/2026 03:01:02 PM: INFO: ********** login validation start **********
03/05/2026 03:01:02 PM: INFO: ********** title of the login page sucessfully **********
03/05/2026 03:02:03 PM: INFO: ********** start home page testcase **********
03/05/2026 03:02:03 PM: INFO: ********** verify login title same or not *********
03/05/2026 03:02:11 PM: INFO: ********** start login validation **********
03/05/2026 03:02:15 PM: INFO: ********** login validation start **********
03/05/2026 03:02:16 PM: INFO: ********** title of the login page sucessfully **********
03/05/2026 03:02:32 PM: INFO: ********** start home page testcase **********
03/05/2026 03:02:32 PM: INFO: ********** verify login title same or not *********
03/05/2026 03:02:37 PM: INFO: ********** title of the login page sucessfull **********
03/05/2026 03:02:39 PM: INFO: ********** start login validation **********
03/05/2026 03:02:44 PM: INFO: ********** login validation start **********
03/05/2026 03:02:45 PM: INFO: ********** title of the login page sucessfully **********
03/05/2026 03:02:49 PM: INFO: ********** test passed   **********
03/05/2026 03:02:50 PM: INFO: ********** login validation end test passed    **********
03/05/2026 03:09:11 PM: INFO: ********** start home page testcase **********
03/05/2026 03:09:11 PM: INFO: ********** verify login title same or not *********
03/05/2026 03:09:17 PM: INFO: ********** title of the login page sucessfull **********
03/05/2026 03:09:19 PM: INFO: ********** start login validation **********
03/05/2026 03:09:24 PM: INFO: ********** login validation start **********
03/05/2026 03:09:24 PM: INFO: ********** title of the login page sucessfully **********
03/05/2026 03:09:28 PM: INFO: ********** test passed   **********
03/05/2026 03:09:29 PM: INFO: ********** login validation end test passed    **********
03/05/2026 04:23:27 PM: INFO: ********* successfully open applications  **********
03/05/2026 04:23:30 PM: INFO: ********* successfully entered regsister page  **********
03/05/2026 04:25:53 PM: INFO: ********* successfully open applications  **********
03/05/2026 04:25:54 PM: INFO: ********* successfully entered regsister page  **********
03/05/2026 04:25:54 PM: INFO: **********successfully captured login title ***********
03/05/2026 04:27:03 PM: INFO: ********* successfully open applications  **********
03/05/2026 04:27:04 PM: INFO: ********* successfully entered regsister page  **********
03/05/2026 04:27:04 PM: INFO: **********successfully captured login title ***********
03/05/2026 04:27:53 PM: INFO: ********* successfully open applications  **********
03/05/2026 04:27:55 PM: INFO: ********* successfully entered regsister page  **********
03/05/2026 04:27:55 PM: INFO: **********successfully captured login title ***********
03/05/2026 04:28:19 PM: INFO: ********* successfully open applications  **********
03/05/2026 04:28:21 PM: INFO: ********* successfully entered regsister page  **********
03/05/2026 04:28:21 PM: INFO: **********successfully captured login title ***********
03/05/2026 04:30:02 PM: INFO: ********* successfully open applications  **********
03/05/2026 04:30:07 PM: INFO: ********* successfully entered regsister page  **********
03/05/2026 04:30:07 PM: INFO: **********successfully captured login title ***********
03/05/2026 04:33:36 PM: INFO: ********* successfully open applications  **********
03/05/2026 04:33:38 PM: INFO: ********* successfully entered regsister page  **********
03/05/2026 04:33:38 PM: INFO: **********successfully captured login title ***********
03/05/2026 04:43:42 PM: INFO: ********* successfully open applications  **********
03/05/2026 04:43:44 PM: INFO: ********* successfully entered regsister page  **********
03/05/2026 04:43:44 PM: INFO: **********successfully captured login title ***********
03/05/2026 04:47:35 PM: INFO: ********* successfully open applications  **********
03/05/2026 04:47:38 PM: INFO: ********* successfully entered regsister page  **********
03/05/2026 04:47:38 PM: INFO: **********successfully captured login title ***********
03/05/2026 04:48:49 PM: INFO: ********* successfully open applications  **********
03/05/2026 04:48:51 PM: INFO: ********* successfully entered regsister page  **********
03/05/2026 04:48:51 PM: INFO: **********successfully captured login title ***********
03/05/2026 04:49:56 PM: INFO: ********* successfully open applications  **********
03/05/2026 04:49:58 PM: INFO: ********* successfully entered regsister page  **********
03/05/2026 04:49:58 PM: INFO: **********successfully captured login title ***********
03/05/2026 04:50:50 PM: INFO: ********* successfully open applications  **********
03/05/2026 04:50:52 PM: INFO: ********* successfully entered regsister page  **********
03/05/2026 04:50:52 PM: INFO: **********successfully captured login title ***********
03/05/2026 04:51:59 PM: INFO: ********* successfully open applications  **********
03/05/2026 04:52:06 PM: INFO: ********* successfully entered regsister page  **********
03/05/2026 04:52:06 PM: INFO: **********successfully captured login title ***********
03/05/2026 04:53:36 PM: INFO: ********* successfully open applications  **********
03/05/2026 04:53:38 PM: INFO: ********* successfully entered regsister page  **********
03/05/2026 04:53:38 PM: INFO: **********successfully captured login title ***********
03/05/2026 04:53:39 PM: INFO: ********* successfully captured regsiter page  testcase passed **********
03/05/2026 04:55:14 PM: INFO: ********* successfully open applications  **********
03/05/2026 04:55:16 PM: INFO: ********* successfully entered regsister page  **********
03/05/2026 04:55:16 PM: INFO: **********successfully captured login title ***********
03/05/2026 04:55:18 PM: INFO: ********* successfully captured regsiter page  testcase passed **********
03/05/2026 04:55:25 PM: INFO: ********* successfully open applications  **********
03/05/2026 04:55:26 PM: INFO: ********* successfully entered regsister page  **********
03/05/2026 04:55:26 PM: INFO: **********successfully captured login title ***********
03/05/2026 04:55:28 PM: INFO: ********* successfully captured regsiter page  testcase passed **********
03/05/2026 04:58:06 PM: INFO: ********* successfully open applications  **********
03/05/2026 04:58:14 PM: INFO: ********* successfully entered regsister page  **********
03/05/2026 04:58:14 PM: INFO: **********successfully captured login title ***********
03/05/2026 04:58:15 PM: INFO: ********* successfully captured regsiter page  testcase passed **********
03/05/2026 04:59:38 PM: INFO: ********* successfully open applications  **********
03/05/2026 04:59:41 PM: INFO: ********* successfully entered regsister page  **********
03/05/2026 04:59:41 PM: INFO: **********successfully captured login title ***********
03/05/2026 04:59:42 PM: INFO: ********* successfully captured regsiter page  testcase passed **********
03/05/2026 05:03:27 PM: INFO: ********* successfully open applications  **********
03/05/2026 05:03:28 PM: INFO: ********* successfully entered regsister page  **********
03/05/2026 05:03:28 PM: INFO: **********successfully captured login title ***********
03/05/2026 05:03:31 PM: INFO: ********* successfully captured regsiter page  testcase passed **********
03/05/2026 05:17:40 PM: INFO: ********* successfully open applications  **********
03/05/2026 05:17:43 PM: INFO: ********* successfully entered regsister page  **********
03/05/2026 05:17:43 PM: INFO: **********successfully captured login title ***********
03/05/2026 05:17:46 PM: INFO: ********* successfully captured regsiter page  testcase passed **********
03/05/2026 05:21:23 PM: INFO: ********* successfully open applications  **********
03/05/2026 05:21:26 PM: INFO: ********* successfully entered regsister page  **********
03/05/2026 05:21:26 PM: INFO: **********successfully captured login title ***********
03/05/2026 05:21:29 PM: INFO: ********* successfully captured regsiter page  testcase passed **********
03/05/2026 05:21:36 PM: INFO: ********** start home page testcase **********
03/05/2026 05:21:36 PM: INFO: ********** verify login title same or not *********
03/05/2026 05:21:41 PM: INFO: ********** title of the login page sucessfull **********
03/05/2026 05:21:43 PM: INFO: ********** start login validation **********
03/05/2026 05:21:48 PM: INFO: ********** login validation start **********
03/05/2026 05:21:48 PM: INFO: ********** title of the login page sucessfully **********
03/05/2026 05:21:52 PM: INFO: ********** test failed **********
